# JRE version: OpenJDK Runtime Environment (8.0_03-b03) (build 1.8.0_03-Ubuntu-8u77-b03-3ubuntu3-b03)
# Java VM: OpenJDK 64-Bit Server VM (25.03-b03 mixed mode linux-amd64 compressed oops)
Heap:
 PSYoungGen      total 211456K, used 52377K [0x00000000f0000000, 0x0000000100000000, 0x0000000100000000)
  eden space 166912K, 10% used [0x00000000f0000000,0x00000000f1070888,0x00000000fa300000)
  from space 44544K, 79% used [0x00000000fd480000,0x00000000ff735bc8,0x0000000100000000)
  to   space 47616K, 0% used [0x00000000fa300000,0x00000000fa300000,0x00000000fd180000)
 ParOldGen       total 524288K, used 94634K [0x00000000d0000000, 0x00000000f0000000, 0x00000000f0000000)
  object space 524288K, 18% used [0x00000000d0000000,0x00000000d5c6abc0,0x00000000f0000000)
 Metaspace       used 70462K, capacity 72834K, committed 73048K, reserved 1114112K
  class space    used 8398K, capacity 9064K, committed 9088K, reserved 1048576K
GC Heap History (10 events):
Event: 1882.373 GC heap before
{Heap before GC invocations=31 (full 3):
 PSYoungGen      total 220672K, used 202680K [0x00000000f0000000, 0x0000000100000000, 0x0000000100000000)
  eden space 181248K, 100% used [0x00000000f0000000,0x00000000fb100000,0x00000000fb100000)
  from space 39424K, 54% used [0x00000000fb100000,0x00000000fc5ee2b8,0x00000000fd780000)
  to   space 38912K, 0% used [0x00000000fda00000,0x00000000fda00000,0x0000000100000000)
 ParOldGen       total 524288K, used 94594K [0x00000000d0000000, 0x00000000f0000000, 0x00000000f0000000)
  object space 524288K, 18% used [0x00000000d0000000,0x00000000d5c60bc0,0x00000000f0000000)
 Metaspace       used 68124K, capacity 70382K, committed 70616K, reserved 1112064K
  class space    used 8235K, capacity 8882K, committed 8960K, reserved 1048576K
Event: 1882.401 GC heap after
Heap after GC invocations=31 (full 3):
 PSYoungGen      total 224768K, used 17840K [0x00000000f0000000, 0x0000000100000000, 0x0000000100000000)
  eden space 185856K, 0% used [0x00000000f0000000,0x00000000f0000000,0x00000000fb580000)
  from space 38912K, 45% used [0x00000000fda00000,0x00000000feb6c378,0x0000000100000000)
  to   space 37376K, 0% used [0x00000000fb580000,0x00000000fb580000,0x00000000fda00000)
 ParOldGen       total 524288K, used 94602K [0x00000000d0000000, 0x00000000f0000000, 0x00000000f0000000)
  object space 524288K, 18% used [0x00000000d0000000,0x00000000d5c62bc0,0x00000000f0000000)
 Metaspace       used 68124K, capacity 70382K, committed 70616K, reserved 1112064K
  class space    used 8235K, capacity 8882K, committed 8960K, reserved 1048576K
}
Event: 3973.601 GC heap before
{Heap before GC invocations=32 (full 3):
 PSYoungGen      total 224768K, used 203696K [0x00000000f0000000, 0x0000000100000000, 0x0000000100000000)
  eden space 185856K, 100% used [0x00000000f0000000,0x00000000fb580000,0x00000000fb580000)
  from space 38912K, 45% used [0x00000000fda00000,0x00000000feb6c378,0x0000000100000000)
  to   space 37376K, 0% used [0x00000000fb580000,0x00000000fb580000,0x00000000fda00000)
 ParOldGen       total 524288K, used 94602K [0x00000000d0000000, 0x00000000f0000000, 0x00000000f0000000)
  object space 524288K, 18% used [0x00000000d0000000,0x00000000d5c62bc0,0x00000000f0000000)
 Metaspace       used 68819K, capacity 71052K, committed 71384K, reserved 1112064K
  class space    used 8260K, capacity 8887K, committed 8960K, reserved 1048576K
Event: 3973.629 GC heap after
Heap after GC invocations=32 (full 3):
 PSYoungGen      total 223232K, used 22463K [0x00000000f0000000, 0x0000000100000000, 0x0000000100000000)
  eden space 185856K, 0% used [0x00000000f0000000,0x00000000f0000000,0x00000000fb580000)
  from space 37376K, 60% used [0x00000000fb580000,0x00000000fcb6fd10,0x00000000fda00000)
  to   space 37376K, 0% used [0x00000000fdb80000,0x00000000fdb80000,0x0000000100000000)
 ParOldGen       total 524288K, used 94610K [0x00000000d0000000, 0x00000000f0000000, 0x00000000f0000000)
  object space 524288K, 18% used [0x00000000d0000000,0x00000000d5c64bc0,0x00000000f0000000)
 Metaspace       used 68819K, capacity 71052K, committed 71384K, reserved 1112064K
  class space    used 8260K, capacity 8887K, committed 8960K, reserved 1048576K
}
Event: 6043.014 GC heap before
{Heap before GC invocations=33 (full 3):
 PSYoungGen      total 223232K, used 208319K [0x00000000f0000000, 0x0000000100000000, 0x0000000100000000)
  eden space 185856K, 100% used [0x00000000f0000000,0x00000000fb580000,0x00000000fb580000)
  from space 37376K, 60% used [0x00000000fb580000,0x00000000fcb6fd10,0x00000000fda00000)
  to   space 37376K, 0% used [0x00000000fdb80000,0x00000000fdb80000,0x0000000100000000)
 ParOldGen       total 524288K, used 94610K [0x00000000d0000000, 0x00000000f0000000, 0x00000000f0000000)
  object space 524288K, 18% used [0x00000000d0000000,0x00000000d5c64bc0,0x00000000f0000000)
 Metaspace       used 69825K, capacity 72146K, committed 72280K, reserved 1112064K
  class space    used 8335K, capacity 8984K, committed 9088K, reserved 1048576K
Event: 6043.041 GC heap after
Heap after GC invocations=33 (full 3):
 PSYoungGen      total 217600K, used 33743K [0x00000000f0000000, 0x0000000100000000, 0x0000000100000000)
  eden space 180224K, 0% used [0x00000000f0000000,0x00000000f0000000,0x00000000fb000000)
  from space 37376K, 90% used [0x00000000fdb80000,0x00000000ffc73ce8,0x0000000100000000)
  to   space 40960K, 0% used [0x00000000fb000000,0x00000000fb000000,0x00000000fd800000)
 ParOldGen       total 524288K, used 94618K [0x00000000d0000000, 0x00000000f0000000, 0x00000000f0000000)
  object space 524288K, 18% used [0x00000000d0000000,0x00000000d5c66bc0,0x00000000f0000000)
 Metaspace       used 69825K, capacity 72146K, committed 72280K, reserved 1112064K
  class space    used 8335K, capacity 8984K, committed 9088K, reserved 1048576K
}
Event: 12994.842 GC heap before
{Heap before GC invocations=34 (full 3):
 PSYoungGen      total 217600K, used 213967K [0x00000000f0000000, 0x0000000100000000, 0x0000000100000000)
  eden space 180224K, 100% used [0x00000000f0000000,0x00000000fb000000,0x00000000fb000000)
  from space 37376K, 90% used [0x00000000fdb80000,0x00000000ffc73ce8,0x0000000100000000)
  to   space 40960K, 0% used [0x00000000fb000000,0x00000000fb000000,0x00000000fd800000)
 ParOldGen       total 524288K, used 94618K [0x00000000d0000000, 0x00000000f0000000, 0x00000000f0000000)
  object space 524288K, 18% used [0x00000000d0000000,0x00000000d5c66bc0,0x00000000f0000000)
 Metaspace       used 70213K, capacity 72562K, committed 72792K, reserved 1114112K
  class space    used 8354K, capacity 9016K, committed 9088K, reserved 1048576K
Event: 12994.886 GC heap after
Heap after GC invocations=34 (full 3):
 PSYoungGen      total 211968K, used 33733K [0x00000000f0000000, 0x0000000100000000, 0x0000000100000000)
  eden space 178176K, 0% used [0x00000000f0000000,0x00000000f0000000,0x00000000fae00000)
  from space 33792K, 99% used [0x00000000fb000000,0x00000000fd0f1458,0x00000000fd100000)
  to   space 44544K, 0% used [0x00000000fd480000,0x00000000fd480000,0x0000000100000000)
 ParOldGen       total 524288K, used 94626K [0x00000000d0000000, 0x00000000f0000000, 0x00000000f0000000)
  object space 524288K, 18% used [0x00000000d0000000,0x00000000d5c68bc0,0x00000000f0000000)
 Metaspace       used 70213K, capacity 72562K, committed 72792K, reserved 1114112K
  class space    used 8354K, capacity 9016K, committed 9088K, reserved 1048576K
}
Event: 18607.022 GC heap before
{Heap before GC invocations=35 (full 3):
 PSYoungGen      total 211968K, used 211909K [0x00000000f0000000, 0x0000000100000000, 0x0000000100000000)
  eden space 178176K, 100% used [0x00000000f0000000,0x00000000fae00000,0x00000000fae00000)
  from space 33792K, 99% used [0x00000000fb000000,0x00000000fd0f1458,0x00000000fd100000)
  to   space 44544K, 0% used [0x00000000fd480000,0x00000000fd480000,0x0000000100000000)
 ParOldGen       total 524288K, used 94626K [0x00000000d0000000, 0x00000000f0000000, 0x00000000f0000000)
  object space 524288K, 18% used [0x00000000d0000000,0x00000000d5c68bc0,0x00000000f0000000)
 Metaspace       used 70331K, capacity 72750K, committed 72792K, reserved 1114112K
  class space    used 8383K, capacity 9056K, committed 9088K, reserved 1048576K
Event: 18607.050 GC heap after
Heap after GC invocations=35 (full 3):
 PSYoungGen      total 211456K, used 35542K [0x00000000f0000000, 0x0000000100000000, 0x0000000100000000)
  eden space 166912K, 0% used [0x00000000f0000000,0x00000000f0000000,0x00000000fa300000)
  from space 44544K, 79% used [0x00000000fd480000,0x00000000ff735bc8,0x0000000100000000)
  to   space 47616K, 0% used [0x00000000fa300000,0x00000000fa300000,0x00000000fd180000)
 ParOldGen       total 524288K, used 94634K [0x00000000d0000000, 0x00000000f0000000, 0x00000000f0000000)
  object space 524288K, 18% used [0x00000000d0000000,0x00000000d5c6abc0,0x00000000f0000000)
 Metaspace       used 70331K, capacity 72750K, committed 72792K, reserved 1114112K
  class space    used 8383K, capacity 9056K, committed 9088K, reserved 1048576K
}

