# JRE version: OpenJDK Runtime Environment (8.0_03-b03) (build 1.8.0_03-Ubuntu-8u77-b03-3ubuntu3-b03)
# Java VM: OpenJDK 64-Bit Server VM (25.03-b03 mixed mode linux-amd64 compressed oops)
Heap:
 PSYoungGen      total 185856K, used 84042K [0x00000000f0000000, 0x0000000100000000, 0x0000000100000000)
  eden space 135168K, 24% used [0x00000000f0000000,0x00000000f20c6850,0x00000000f8400000)
  from space 50688K, 99% used [0x00000000f8400000,0x00000000fb54c1c8,0x00000000fb580000)
  to   space 67584K, 0% used [0x00000000fbe00000,0x00000000fbe00000,0x0000000100000000)
 ParOldGen       total 524288K, used 80238K [0x00000000d0000000, 0x00000000f0000000, 0x00000000f0000000)
  object space 524288K, 15% used [0x00000000d0000000,0x00000000d4e5b8f0,0x00000000f0000000)
 Metaspace       used 78993K, capacity 83228K, committed 83496K, reserved 1122304K
  class space    used 8949K, capacity 9997K, committed 10032K, reserved 1048576K
GC Heap History (10 events):
Event: 84.416 GC heap before
{Heap before GC invocations=30 (full 3):
 PSYoungGen      total 208384K, used 201625K [0x00000000f0000000, 0x0000000100000000, 0x0000000100000000)
  eden space 162816K, 100% used [0x00000000f0000000,0x00000000f9f00000,0x00000000f9f00000)
  from space 45568K, 85% used [0x00000000fd380000,0x00000000ff966658,0x0000000100000000)
  to   space 49664K, 0% used [0x00000000f9f00000,0x00000000f9f00000,0x00000000fcf80000)
 ParOldGen       total 524288K, used 80198K [0x00000000d0000000, 0x00000000f0000000, 0x00000000f0000000)
  object space 524288K, 15% used [0x00000000d0000000,0x00000000d4e518f0,0x00000000f0000000)
 Metaspace       used 73440K, capacity 75968K, committed 76200K, reserved 1116160K
  class space    used 8382K, capacity 9117K, committed 9136K, reserved 1048576K
Event: 84.460 GC heap after
Heap after GC invocations=30 (full 3):
 PSYoungGen      total 203776K, used 40537K [0x00000000f0000000, 0x0000000100000000, 0x0000000100000000)
  eden space 162816K, 0% used [0x00000000f0000000,0x00000000f0000000,0x00000000f9f00000)
  from space 40960K, 98% used [0x00000000f9f00000,0x00000000fc696690,0x00000000fc700000)
  to   space 53248K, 0% used [0x00000000fcc00000,0x00000000fcc00000,0x0000000100000000)
 ParOldGen       total 524288K, used 80206K [0x00000000d0000000, 0x00000000f0000000, 0x00000000f0000000)
  object space 524288K, 15% used [0x00000000d0000000,0x00000000d4e538f0,0x00000000f0000000)
 Metaspace       used 73440K, capacity 75968K, committed 76200K, reserved 1116160K
  class space    used 8382K, capacity 9117K, committed 9136K, reserved 1048576K
}
Event: 264.004 GC heap before
{Heap before GC invocations=31 (full 3):
 PSYoungGen      total 203776K, used 203353K [0x00000000f0000000, 0x0000000100000000, 0x0000000100000000)
  eden space 162816K, 100% used [0x00000000f0000000,0x00000000f9f00000,0x00000000f9f00000)
  from space 40960K, 98% used [0x00000000f9f00000,0x00000000fc696690,0x00000000fc700000)
  to   space 53248K, 0% used [0x00000000fcc00000,0x00000000fcc00000,0x0000000100000000)
 ParOldGen       total 524288K, used 80206K [0x00000000d0000000, 0x00000000f0000000, 0x00000000f0000000)
  object space 524288K, 15% used [0x00000000d0000000,0x00000000d4e538f0,0x00000000f0000000)
 Metaspace       used 75261K, capacity 78560K, committed 78888K, reserved 1118208K
  class space    used 8604K, capacity 9414K, committed 9520K, reserved 1048576K
Event: 264.050 GC heap after
Heap after GC invocations=31 (full 3):
 PSYoungGen      total 199680K, used 45289K [0x00000000f0000000, 0x0000000100000000, 0x0000000100000000)
  eden space 146432K, 0% used [0x00000000f0000000,0x00000000f0000000,0x00000000f8f00000)
  from space 53248K, 85% used [0x00000000fcc00000,0x00000000ff83a680,0x0000000100000000)
  to   space 57856K, 0% used [0x00000000f8f00000,0x00000000f8f00000,0x00000000fc780000)
 ParOldGen       total 524288K, used 80214K [0x00000000d0000000, 0x00000000f0000000, 0x00000000f0000000)
  object space 524288K, 15% used [0x00000000d0000000,0x00000000d4e558f0,0x00000000f0000000)
 Metaspace       used 75261K, capacity 78560K, committed 78888K, reserved 1118208K
  class space    used 8604K, capacity 9414K, committed 9520K, reserved 1048576K
}
Event: 746.543 GC heap before
{Heap before GC invocations=32 (full 3):
 PSYoungGen      total 199680K, used 191721K [0x00000000f0000000, 0x0000000100000000, 0x0000000100000000)
  eden space 146432K, 100% used [0x00000000f0000000,0x00000000f8f00000,0x00000000f8f00000)
  from space 53248K, 85% used [0x00000000fcc00000,0x00000000ff83a680,0x0000000100000000)
  to   space 57856K, 0% used [0x00000000f8f00000,0x00000000f8f00000,0x00000000fc780000)
 ParOldGen       total 524288K, used 80214K [0x00000000d0000000, 0x00000000f0000000, 0x00000000f0000000)
  object space 524288K, 15% used [0x00000000d0000000,0x00000000d4e558f0,0x00000000f0000000)
 Metaspace       used 76327K, capacity 80106K, committed 80424K, reserved 1120256K
  class space    used 8730K, capacity 9686K, committed 9776K, reserved 1048576K
Event: 746.586 GC heap after
Heap after GC invocations=32 (full 3):
 PSYoungGen      total 194048K, used 47111K [0x00000000f0000000, 0x0000000100000000, 0x0000000100000000)
  eden space 146432K, 0% used [0x00000000f0000000,0x00000000f0000000,0x00000000f8f00000)
  from space 47616K, 98% used [0x00000000f8f00000,0x00000000fbd01c78,0x00000000fbd80000)
  to   space 62464K, 0% used [0x00000000fc300000,0x00000000fc300000,0x0000000100000000)
 ParOldGen       total 524288K, used 80222K [0x00000000d0000000, 0x00000000f0000000, 0x00000000f0000000)
  object space 524288K, 15% used [0x00000000d0000000,0x00000000d4e578f0,0x00000000f0000000)
 Metaspace       used 76327K, capacity 80106K, committed 80424K, reserved 1120256K
  class space    used 8730K, capacity 9686K, committed 9776K, reserved 1048576K
}
Event: 1091.948 GC heap before
{Heap before GC invocations=33 (full 3):
 PSYoungGen      total 194048K, used 193543K [0x00000000f0000000, 0x0000000100000000, 0x0000000100000000)
  eden space 146432K, 100% used [0x00000000f0000000,0x00000000f8f00000,0x00000000f8f00000)
  from space 47616K, 98% used [0x00000000f8f00000,0x00000000fbd01c78,0x00000000fbd80000)
  to   space 62464K, 0% used [0x00000000fc300000,0x00000000fc300000,0x0000000100000000)
 ParOldGen       total 524288K, used 80222K [0x00000000d0000000, 0x00000000f0000000, 0x00000000f0000000)
  object space 524288K, 15% used [0x00000000d0000000,0x00000000d4e578f0,0x00000000f0000000)
 Metaspace       used 77304K, capacity 81348K, committed 81576K, reserved 1120256K
  class space    used 8790K, capacity 9788K, committed 9904K, reserved 1048576K
Event: 1092.040 GC heap after
Heap after GC invocations=33 (full 3):
 PSYoungGen      total 197632K, used 41941K [0x00000000f0000000, 0x0000000100000000, 0x0000000100000000)
  eden space 135168K, 0% used [0x00000000f0000000,0x00000000f0000000,0x00000000f8400000)
  from space 62464K, 67% used [0x00000000fc300000,0x00000000febf5740,0x0000000100000000)
  to   space 63488K, 0% used [0x00000000f8400000,0x00000000f8400000,0x00000000fc200000)
 ParOldGen       total 524288K, used 80230K [0x00000000d0000000, 0x00000000f0000000, 0x00000000f0000000)
  object space 524288K, 15% used [0x00000000d0000000,0x00000000d4e598f0,0x00000000f0000000)
 Metaspace       used 77304K, capacity 81348K, committed 81576K, reserved 1120256K
  class space    used 8790K, capacity 9788K, committed 9904K, reserved 1048576K
}
Event: 1453.699 GC heap before
{Heap before GC invocations=34 (full 3):
 PSYoungGen      total 197632K, used 177109K [0x00000000f0000000, 0x0000000100000000, 0x0000000100000000)
  eden space 135168K, 100% used [0x00000000f0000000,0x00000000f8400000,0x00000000f8400000)
  from space 62464K, 67% used [0x00000000fc300000,0x00000000febf5740,0x0000000100000000)
  to   space 63488K, 0% used [0x00000000f8400000,0x00000000f8400000,0x00000000fc200000)
 ParOldGen       total 524288K, used 80230K [0x00000000d0000000, 0x00000000f0000000, 0x00000000f0000000)
  object space 524288K, 15% used [0x00000000d0000000,0x00000000d4e598f0,0x00000000f0000000)
 Metaspace       used 78672K, capacity 82890K, committed 82984K, reserved 1122304K
  class space    used 8935K, capacity 9957K, committed 10032K, reserved 1048576K
Event: 1453.767 GC heap after
Heap after GC invocations=34 (full 3):
 PSYoungGen      total 185856K, used 50480K [0x00000000f0000000, 0x0000000100000000, 0x0000000100000000)
  eden space 135168K, 0% used [0x00000000f0000000,0x00000000f0000000,0x00000000f8400000)
  from space 50688K, 99% used [0x00000000f8400000,0x00000000fb54c1c8,0x00000000fb580000)
  to   space 67584K, 0% used [0x00000000fbe00000,0x00000000fbe00000,0x0000000100000000)
 ParOldGen       total 524288K, used 80238K [0x00000000d0000000, 0x00000000f0000000, 0x00000000f0000000)
  object space 524288K, 15% used [0x00000000d0000000,0x00000000d4e5b8f0,0x00000000f0000000)
 Metaspace       used 78672K, capacity 82890K, committed 82984K, reserved 1122304K
  class space    used 8935K, capacity 9957K, committed 10032K, reserved 1048576K
}

