# JRE version: OpenJDK Runtime Environment (8.0_03-b03) (build 1.8.0_03-Ubuntu-8u77-b03-3ubuntu3-b03)
# Java VM: OpenJDK 64-Bit Server VM (25.03-b03 mixed mode linux-amd64 compressed oops)
Heap:
 PSYoungGen      total 223744K, used 122718K [0x00000000f0000000, 0x0000000100000000, 0x0000000100000000)
  eden space 185344K, 45% used [0x00000000f0000000,0x00000000f525f4f8,0x00000000fb500000)
  from space 38400K, 99% used [0x00000000fb500000,0x00000000fda783e0,0x00000000fda80000)
  to   space 38400K, 0% used [0x00000000fda80000,0x00000000fda80000,0x0000000100000000)
 ParOldGen       total 524288K, used 93854K [0x00000000d0000000, 0x00000000f0000000, 0x00000000f0000000)
  object space 524288K, 17% used [0x00000000d0000000,0x00000000d5ba7a70,0x00000000f0000000)
 Metaspace       used 74946K, capacity 77624K, committed 77864K, reserved 1118208K
  class space    used 8490K, capacity 9166K, committed 9264K, reserved 1048576K
GC Heap History (10 events):
Event: 40.645 GC heap before
{Heap before GC invocations=24 (full 3):
 PSYoungGen      total 232960K, used 231835K [0x00000000f0000000, 0x0000000100000000, 0x0000000100000000)
  eden space 208896K, 100% used [0x00000000f0000000,0x00000000fcc00000,0x00000000fcc00000)
  from space 24064K, 95% used [0x00000000fe880000,0x00000000ffee6ff8,0x0000000100000000)
  to   space 26624K, 0% used [0x00000000fcc00000,0x00000000fcc00000,0x00000000fe600000)
 ParOldGen       total 524288K, used 81405K [0x00000000d0000000, 0x00000000f0000000, 0x00000000f0000000)
  object space 524288K, 15% used [0x00000000d0000000,0x00000000d4f7f5a0,0x00000000f0000000)
 Metaspace       used 68750K, capacity 69990K, committed 70184K, reserved 1112064K
  class space    used 7696K, capacity 7980K, committed 7984K, reserved 1048576K
Event: 40.670 GC heap after
Heap after GC invocations=24 (full 3):
 PSYoungGen      total 235520K, used 26620K [0x00000000f0000000, 0x0000000100000000, 0x0000000100000000)
  eden space 208896K, 0% used [0x00000000f0000000,0x00000000f0000000,0x00000000fcc00000)
  from space 26624K, 99% used [0x00000000fcc00000,0x00000000fe5ff398,0x00000000fe600000)
  to   space 26624K, 0% used [0x00000000fe600000,0x00000000fe600000,0x0000000100000000)
 ParOldGen       total 524288K, used 83400K [0x00000000d0000000, 0x00000000f0000000, 0x00000000f0000000)
  object space 524288K, 15% used [0x00000000d0000000,0x00000000d5172038,0x00000000f0000000)
 Metaspace       used 68750K, capacity 69990K, committed 70184K, reserved 1112064K
  class space    used 7696K, capacity 7980K, committed 7984K, reserved 1048576K
}
Event: 41.770 GC heap before
{Heap before GC invocations=25 (full 3):
 PSYoungGen      total 235520K, used 235516K [0x00000000f0000000, 0x0000000100000000, 0x0000000100000000)
  eden space 208896K, 100% used [0x00000000f0000000,0x00000000fcc00000,0x00000000fcc00000)
  from space 26624K, 99% used [0x00000000fcc00000,0x00000000fe5ff398,0x00000000fe600000)
  to   space 26624K, 0% used [0x00000000fe600000,0x00000000fe600000,0x0000000100000000)
 ParOldGen       total 524288K, used 83400K [0x00000000d0000000, 0x00000000f0000000, 0x00000000f0000000)
  object space 524288K, 15% used [0x00000000d0000000,0x00000000d5172038,0x00000000f0000000)
 Metaspace       used 69821K, capacity 71514K, committed 71848K, reserved 1112064K
  class space    used 7849K, capacity 8251K, committed 8368K, reserved 1048576K
Event: 41.804 GC heap after
Heap after GC invocations=25 (full 3):
 PSYoungGen      total 220160K, used 26601K [0x00000000f0000000, 0x0000000100000000, 0x0000000100000000)
  eden space 193536K, 0% used [0x00000000f0000000,0x00000000f0000000,0x00000000fbd00000)
  from space 26624K, 99% used [0x00000000fe600000,0x00000000ffffa680,0x0000000100000000)
  to   space 34304K, 0% used [0x00000000fbd00000,0x00000000fbd00000,0x00000000fde80000)
 ParOldGen       total 524288K, used 86699K [0x00000000d0000000, 0x00000000f0000000, 0x00000000f0000000)
  object space 524288K, 16% used [0x00000000d0000000,0x00000000d54aac50,0x00000000f0000000)
 Metaspace       used 69821K, capacity 71514K, committed 71848K, reserved 1112064K
  class space    used 7849K, capacity 8251K, committed 8368K, reserved 1048576K
}
Event: 99.737 GC heap before
{Heap before GC invocations=26 (full 3):
 PSYoungGen      total 220160K, used 220137K [0x00000000f0000000, 0x0000000100000000, 0x0000000100000000)
  eden space 193536K, 100% used [0x00000000f0000000,0x00000000fbd00000,0x00000000fbd00000)
  from space 26624K, 99% used [0x00000000fe600000,0x00000000ffffa680,0x0000000100000000)
  to   space 34304K, 0% used [0x00000000fbd00000,0x00000000fbd00000,0x00000000fde80000)
 ParOldGen       total 524288K, used 86699K [0x00000000d0000000, 0x00000000f0000000, 0x00000000f0000000)
  object space 524288K, 16% used [0x00000000d0000000,0x00000000d54aac50,0x00000000f0000000)
 Metaspace       used 71432K, capacity 73516K, committed 73768K, reserved 1114112K
  class space    used 8113K, capacity 8664K, committed 8752K, reserved 1048576K
Event: 99.782 GC heap after
Heap after GC invocations=26 (full 3):
 PSYoungGen      total 220160K, used 26601K [0x00000000f0000000, 0x0000000100000000, 0x0000000100000000)
  eden space 193536K, 0% used [0x00000000f0000000,0x00000000f0000000,0x00000000fbd00000)
  from space 26624K, 99% used [0x00000000fbd00000,0x00000000fd6fa510,0x00000000fd700000)
  to   space 36352K, 0% used [0x00000000fdc80000,0x00000000fdc80000,0x0000000100000000)
 ParOldGen       total 524288K, used 91613K [0x00000000d0000000, 0x00000000f0000000, 0x00000000f0000000)
  object space 524288K, 17% used [0x00000000d0000000,0x00000000d59775f0,0x00000000f0000000)
 Metaspace       used 71432K, capacity 73516K, committed 73768K, reserved 1114112K
  class space    used 8113K, capacity 8664K, committed 8752K, reserved 1048576K
}
Event: 101.135 GC heap before
{Heap before GC invocations=27 (full 3):
 PSYoungGen      total 220160K, used 220137K [0x00000000f0000000, 0x0000000100000000, 0x0000000100000000)
  eden space 193536K, 100% used [0x00000000f0000000,0x00000000fbd00000,0x00000000fbd00000)
  from space 26624K, 99% used [0x00000000fbd00000,0x00000000fd6fa510,0x00000000fd700000)
  to   space 36352K, 0% used [0x00000000fdc80000,0x00000000fdc80000,0x0000000100000000)
 ParOldGen       total 524288K, used 91613K [0x00000000d0000000, 0x00000000f0000000, 0x00000000f0000000)
  object space 524288K, 17% used [0x00000000d0000000,0x00000000d59775f0,0x00000000f0000000)
 Metaspace       used 72413K, capacity 74748K, committed 74920K, reserved 1116160K
  class space    used 8252K, capacity 8861K, committed 8880K, reserved 1048576K
Event: 101.171 GC heap after
Heap after GC invocations=27 (full 3):
 PSYoungGen      total 221696K, used 29232K [0x00000000f0000000, 0x0000000100000000, 0x0000000100000000)
  eden space 185344K, 0% used [0x00000000f0000000,0x00000000f0000000,0x00000000fb500000)
  from space 36352K, 80% used [0x00000000fdc80000,0x00000000ff90c160,0x0000000100000000)
  to   space 38400K, 0% used [0x00000000fb500000,0x00000000fb500000,0x00000000fda80000)
 ParOldGen       total 524288K, used 91621K [0x00000000d0000000, 0x00000000f0000000, 0x00000000f0000000)
  object space 524288K, 17% used [0x00000000d0000000,0x00000000d59795f0,0x00000000f0000000)
 Metaspace       used 72413K, capacity 74748K, committed 74920K, reserved 1116160K
  class space    used 8252K, capacity 8861K, committed 8880K, reserved 1048576K
}
Event: 2440.195 GC heap before
{Heap before GC invocations=28 (full 3):
 PSYoungGen      total 221696K, used 214571K [0x00000000f0000000, 0x0000000100000000, 0x0000000100000000)
  eden space 185344K, 99% used [0x00000000f0000000,0x00000000fb4fed30,0x00000000fb500000)
  from space 36352K, 80% used [0x00000000fdc80000,0x00000000ff90c160,0x0000000100000000)
  to   space 38400K, 0% used [0x00000000fb500000,0x00000000fb500000,0x00000000fda80000)
 ParOldGen       total 524288K, used 91621K [0x00000000d0000000, 0x00000000f0000000, 0x00000000f0000000)
  object space 524288K, 17% used [0x00000000d0000000,0x00000000d59795f0,0x00000000f0000000)
 Metaspace       used 74105K, capacity 76712K, committed 76968K, reserved 1118208K
  class space    used 8444K, capacity 9121K, committed 9136K, reserved 1048576K
Event: 2440.233 GC heap after
Heap after GC invocations=28 (full 3):
 PSYoungGen      total 223744K, used 38368K [0x00000000f0000000, 0x0000000100000000, 0x0000000100000000)
  eden space 185344K, 0% used [0x00000000f0000000,0x00000000f0000000,0x00000000fb500000)
  from space 38400K, 99% used [0x00000000fb500000,0x00000000fda783e0,0x00000000fda80000)
  to   space 38400K, 0% used [0x00000000fda80000,0x00000000fda80000,0x0000000100000000)
 ParOldGen       total 524288K, used 93854K [0x00000000d0000000, 0x00000000f0000000, 0x00000000f0000000)
  object space 524288K, 17% used [0x00000000d0000000,0x00000000d5ba7a70,0x00000000f0000000)
 Metaspace       used 74105K, capacity 76712K, committed 76968K, reserved 1118208K
  class space    used 8444K, capacity 9121K, committed 9136K, reserved 1048576K
}

