# JRE version: OpenJDK Runtime Environment (8.0_03-b03) (build 1.8.0_03-Ubuntu-8u77-b03-3ubuntu3-b03)
# Java VM: OpenJDK 64-Bit Server VM (25.03-b03 mixed mode linux-amd64 compressed oops)
Heap:
 PSYoungGen      total 199680K, used 178951K [0x00000000f0000000, 0x0000000100000000, 0x0000000100000000)
  eden space 146432K, 85% used [0x00000000f0000000,0x00000000f7ad8f70,0x00000000f8f00000)
  from space 53248K, 99% used [0x00000000f8f00000,0x00000000fc2e8e98,0x00000000fc300000)
  to   space 62464K, 0% used [0x00000000fc300000,0x00000000fc300000,0x0000000100000000)
 ParOldGen       total 524288K, used 79519K [0x00000000d0000000, 0x00000000f0000000, 0x00000000f0000000)
  object space 524288K, 15% used [0x00000000d0000000,0x00000000d4da7d30,0x00000000f0000000)
 Metaspace       used 77754K, capacity 82204K, committed 82456K, reserved 1122304K
  class space    used 8822K, capacity 9969K, committed 10032K, reserved 1048576K
GC Heap History (10 events):
Event: 54.003 GC heap before
{Heap before GC invocations=28 (full 3):
 PSYoungGen      total 214528K, used 206366K [0x00000000f0000000, 0x0000000100000000, 0x0000000100000000)
  eden space 173056K, 100% used [0x00000000f0000000,0x00000000fa900000,0x00000000fa900000)
  from space 41472K, 80% used [0x00000000fd780000,0x00000000ff807b28,0x0000000100000000)
  to   space 44544K, 0% used [0x00000000fa900000,0x00000000fa900000,0x00000000fd480000)
 ParOldGen       total 524288K, used 79487K [0x00000000d0000000, 0x00000000f0000000, 0x00000000f0000000)
  object space 524288K, 15% used [0x00000000d0000000,0x00000000d4d9fd30,0x00000000f0000000)
 Metaspace       used 73201K, capacity 75736K, committed 75800K, reserved 1116160K
  class space    used 8235K, capacity 8950K, committed 9008K, reserved 1048576K
Event: 54.069 GC heap after
Heap after GC invocations=28 (full 3):
 PSYoungGen      total 209408K, used 35931K [0x00000000f0000000, 0x0000000100000000, 0x0000000100000000)
  eden space 173056K, 0% used [0x00000000f0000000,0x00000000f0000000,0x00000000fa900000)
  from space 36352K, 98% used [0x00000000fa900000,0x00000000fcc16fd8,0x00000000fcc80000)
  to   space 47616K, 0% used [0x00000000fd180000,0x00000000fd180000,0x0000000100000000)
 ParOldGen       total 524288K, used 79495K [0x00000000d0000000, 0x00000000f0000000, 0x00000000f0000000)
  object space 524288K, 15% used [0x00000000d0000000,0x00000000d4da1d30,0x00000000f0000000)
 Metaspace       used 73201K, capacity 75736K, committed 75800K, reserved 1116160K
  class space    used 8235K, capacity 8950K, committed 9008K, reserved 1048576K
}
Event: 72.334 GC heap before
{Heap before GC invocations=29 (full 3):
 PSYoungGen      total 209408K, used 208987K [0x00000000f0000000, 0x0000000100000000, 0x0000000100000000)
  eden space 173056K, 100% used [0x00000000f0000000,0x00000000fa900000,0x00000000fa900000)
  from space 36352K, 98% used [0x00000000fa900000,0x00000000fcc16fd8,0x00000000fcc80000)
  to   space 47616K, 0% used [0x00000000fd180000,0x00000000fd180000,0x0000000100000000)
 ParOldGen       total 524288K, used 79495K [0x00000000d0000000, 0x00000000f0000000, 0x00000000f0000000)
  object space 524288K, 15% used [0x00000000d0000000,0x00000000d4da1d30,0x00000000f0000000)
 Metaspace       used 74360K, capacity 77270K, committed 77336K, reserved 1118208K
  class space    used 8400K, capacity 9205K, committed 9264K, reserved 1048576K
Event: 72.386 GC heap after
Heap after GC invocations=29 (full 3):
 PSYoungGen      total 207360K, used 39155K [0x00000000f0000000, 0x0000000100000000, 0x0000000100000000)
  eden space 159744K, 0% used [0x00000000f0000000,0x00000000f0000000,0x00000000f9c00000)
  from space 47616K, 82% used [0x00000000fd180000,0x00000000ff7bcd30,0x0000000100000000)
  to   space 51200K, 0% used [0x00000000f9c00000,0x00000000f9c00000,0x00000000fce00000)
 ParOldGen       total 524288K, used 79503K [0x00000000d0000000, 0x00000000f0000000, 0x00000000f0000000)
  object space 524288K, 15% used [0x00000000d0000000,0x00000000d4da3d30,0x00000000f0000000)
 Metaspace       used 74360K, capacity 77270K, committed 77336K, reserved 1118208K
  class space    used 8400K, capacity 9205K, committed 9264K, reserved 1048576K
}
Event: 76.678 GC heap before
{Heap before GC invocations=30 (full 3):
 PSYoungGen      total 207360K, used 198899K [0x00000000f0000000, 0x0000000100000000, 0x0000000100000000)
  eden space 159744K, 100% used [0x00000000f0000000,0x00000000f9c00000,0x00000000f9c00000)
  from space 47616K, 82% used [0x00000000fd180000,0x00000000ff7bcd30,0x0000000100000000)
  to   space 51200K, 0% used [0x00000000f9c00000,0x00000000f9c00000,0x00000000fce00000)
 ParOldGen       total 524288K, used 79503K [0x00000000d0000000, 0x00000000f0000000, 0x00000000f0000000)
  object space 524288K, 15% used [0x00000000d0000000,0x00000000d4da3d30,0x00000000f0000000)
 Metaspace       used 74950K, capacity 78228K, committed 78488K, reserved 1118208K
  class space    used 8461K, capacity 9333K, committed 9392K, reserved 1048576K
Event: 76.717 GC heap after
Heap after GC invocations=30 (full 3):
 PSYoungGen      total 200704K, used 40794K [0x00000000f0000000, 0x0000000100000000, 0x0000000100000000)
  eden space 159744K, 0% used [0x00000000f0000000,0x00000000f0000000,0x00000000f9c00000)
  from space 40960K, 99% used [0x00000000f9c00000,0x00000000fc3d6ac8,0x00000000fc400000)
  to   space 54272K, 0% used [0x00000000fcb00000,0x00000000fcb00000,0x0000000100000000)
 ParOldGen       total 524288K, used 79511K [0x00000000d0000000, 0x00000000f0000000, 0x00000000f0000000)
  object space 524288K, 15% used [0x00000000d0000000,0x00000000d4da5d30,0x00000000f0000000)
 Metaspace       used 74950K, capacity 78228K, committed 78488K, reserved 1118208K
  class space    used 8461K, capacity 9333K, committed 9392K, reserved 1048576K
}
Event: 184.305 GC heap before
{Heap before GC invocations=31 (full 3):
 PSYoungGen      total 200704K, used 200538K [0x00000000f0000000, 0x0000000100000000, 0x0000000100000000)
  eden space 159744K, 100% used [0x00000000f0000000,0x00000000f9c00000,0x00000000f9c00000)
  from space 40960K, 99% used [0x00000000f9c00000,0x00000000fc3d6ac8,0x00000000fc400000)
  to   space 54272K, 0% used [0x00000000fcb00000,0x00000000fcb00000,0x0000000100000000)
 ParOldGen       total 524288K, used 79511K [0x00000000d0000000, 0x00000000f0000000, 0x00000000f0000000)
  object space 524288K, 15% used [0x00000000d0000000,0x00000000d4da5d30,0x00000000f0000000)
 Metaspace       used 75745K, capacity 79674K, committed 79768K, reserved 1120256K
  class space    used 8589K, capacity 9598K, committed 9648K, reserved 1048576K
Event: 184.348 GC heap after
Heap after GC invocations=31 (full 3):
 PSYoungGen      total 200704K, used 43064K [0x00000000f0000000, 0x0000000100000000, 0x0000000100000000)
  eden space 146432K, 0% used [0x00000000f0000000,0x00000000f0000000,0x00000000f8f00000)
  from space 54272K, 79% used [0x00000000fcb00000,0x00000000ff50e080,0x0000000100000000)
  to   space 57856K, 0% used [0x00000000f8f00000,0x00000000f8f00000,0x00000000fc780000)
 ParOldGen       total 524288K, used 79519K [0x00000000d0000000, 0x00000000f0000000, 0x00000000f0000000)
  object space 524288K, 15% used [0x00000000d0000000,0x00000000d4da7d30,0x00000000f0000000)
 Metaspace       used 75745K, capacity 79674K, committed 79768K, reserved 1120256K
  class space    used 8589K, capacity 9598K, committed 9648K, reserved 1048576K
}
Event: 379.982 GC heap before
{Heap before GC invocations=32 (full 3):
 PSYoungGen      total 200704K, used 189496K [0x00000000f0000000, 0x0000000100000000, 0x0000000100000000)
  eden space 146432K, 100% used [0x00000000f0000000,0x00000000f8f00000,0x00000000f8f00000)
  from space 54272K, 79% used [0x00000000fcb00000,0x00000000ff50e080,0x0000000100000000)
  to   space 57856K, 0% used [0x00000000f8f00000,0x00000000f8f00000,0x00000000fc780000)
 ParOldGen       total 524288K, used 79519K [0x00000000d0000000, 0x00000000f0000000, 0x00000000f0000000)
  object space 524288K, 15% used [0x00000000d0000000,0x00000000d4da7d30,0x00000000f0000000)
 Metaspace       used 76965K, capacity 81032K, committed 81176K, reserved 1120256K
  class space    used 8724K, capacity 9758K, committed 9776K, reserved 1048576K
Event: 380.037 GC heap after
Heap after GC invocations=32 (full 3):
 PSYoungGen      total 199680K, used 53155K [0x00000000f0000000, 0x0000000100000000, 0x0000000100000000)
  eden space 146432K, 0% used [0x00000000f0000000,0x00000000f0000000,0x00000000f8f00000)
  from space 53248K, 99% used [0x00000000f8f00000,0x00000000fc2e8e98,0x00000000fc300000)
  to   space 62464K, 0% used [0x00000000fc300000,0x00000000fc300000,0x0000000100000000)
 ParOldGen       total 524288K, used 79519K [0x00000000d0000000, 0x00000000f0000000, 0x00000000f0000000)
  object space 524288K, 15% used [0x00000000d0000000,0x00000000d4da7d30,0x00000000f0000000)
 Metaspace       used 76965K, capacity 81032K, committed 81176K, reserved 1120256K
  class space    used 8724K, capacity 9758K, committed 9776K, reserved 1048576K
}

