# JRE version: OpenJDK Runtime Environment (8.0_03-b03) (build 1.8.0_03-Ubuntu-8u77-b03-3ubuntu3-b03)
# Java VM: OpenJDK 64-Bit Server VM (25.03-b03 mixed mode linux-amd64 compressed oops)
Heap:
 PSYoungGen      total 217600K, used 172201K [0x00000000f0000000, 0x0000000100000000, 0x0000000100000000)
  eden space 184320K, 75% used [0x00000000f0000000,0x00000000f87d2160,0x00000000fb400000)
  from space 33280K, 99% used [0x00000000fb400000,0x00000000fd458488,0x00000000fd480000)
  to   space 42496K, 0% used [0x00000000fd680000,0x00000000fd680000,0x0000000100000000)
 ParOldGen       total 524288K, used 91772K [0x00000000d0000000, 0x00000000f0000000, 0x00000000f0000000)
  object space 524288K, 17% used [0x00000000d0000000,0x00000000d599f240,0x00000000f0000000)
 Metaspace       used 77217K, capacity 80684K, committed 80808K, reserved 1120256K
  class space    used 8711K, capacity 9595K, committed 9648K, reserved 1048576K
GC Heap History (10 events):
Event: 46.138 GC heap before
{Heap before GC invocations=24 (full 3):
 PSYoungGen      total 231424K, used 231421K [0x00000000f0000000, 0x0000000100000000, 0x0000000100000000)
  eden space 207872K, 100% used [0x00000000f0000000,0x00000000fcb00000,0x00000000fcb00000)
  from space 23552K, 99% used [0x00000000fe900000,0x00000000fffff658,0x0000000100000000)
  to   space 27136K, 0% used [0x00000000fcb00000,0x00000000fcb00000,0x00000000fe580000)
 ParOldGen       total 524288K, used 82086K [0x00000000d0000000, 0x00000000f0000000, 0x00000000f0000000)
  object space 524288K, 15% used [0x00000000d0000000,0x00000000d5029940,0x00000000f0000000)
 Metaspace       used 68096K, capacity 69836K, committed 70056K, reserved 1112064K
  class space    used 7570K, capacity 8063K, committed 8112K, reserved 1048576K
Event: 46.173 GC heap after
Heap after GC invocations=24 (full 3):
 PSYoungGen      total 235008K, used 27131K [0x00000000f0000000, 0x0000000100000000, 0x0000000100000000)
  eden space 207872K, 0% used [0x00000000f0000000,0x00000000f0000000,0x00000000fcb00000)
  from space 27136K, 99% used [0x00000000fcb00000,0x00000000fe57ec78,0x00000000fe580000)
  to   space 27136K, 0% used [0x00000000fe580000,0x00000000fe580000,0x0000000100000000)
 ParOldGen       total 524288K, used 83154K [0x00000000d0000000, 0x00000000f0000000, 0x00000000f0000000)
  object space 524288K, 15% used [0x00000000d0000000,0x00000000d51349f0,0x00000000f0000000)
 Metaspace       used 68096K, capacity 69836K, committed 70056K, reserved 1112064K
  class space    used 7570K, capacity 8063K, committed 8112K, reserved 1048576K
}
Event: 52.475 GC heap before
{Heap before GC invocations=25 (full 3):
 PSYoungGen      total 235008K, used 235003K [0x00000000f0000000, 0x0000000100000000, 0x0000000100000000)
  eden space 207872K, 100% used [0x00000000f0000000,0x00000000fcb00000,0x00000000fcb00000)
  from space 27136K, 99% used [0x00000000fcb00000,0x00000000fe57ec78,0x00000000fe580000)
  to   space 27136K, 0% used [0x00000000fe580000,0x00000000fe580000,0x0000000100000000)
 ParOldGen       total 524288K, used 83154K [0x00000000d0000000, 0x00000000f0000000, 0x00000000f0000000)
  object space 524288K, 15% used [0x00000000d0000000,0x00000000d51349f0,0x00000000f0000000)
 Metaspace       used 71726K, capacity 73540K, committed 73768K, reserved 1114112K
  class space    used 7991K, capacity 8479K, committed 8496K, reserved 1048576K
Event: 52.552 GC heap after
Heap after GC invocations=25 (full 3):
 PSYoungGen      total 222720K, used 24588K [0x00000000f0000000, 0x0000000100000000, 0x0000000100000000)
  eden space 195584K, 0% used [0x00000000f0000000,0x00000000f0000000,0x00000000fbf00000)
  from space 27136K, 90% used [0x00000000fe580000,0x00000000ffd83230,0x0000000100000000)
  to   space 33280K, 0% used [0x00000000fbf00000,0x00000000fbf00000,0x00000000fdf80000)
 ParOldGen       total 524288K, used 91756K [0x00000000d0000000, 0x00000000f0000000, 0x00000000f0000000)
  object space 524288K, 17% used [0x00000000d0000000,0x00000000d599b240,0x00000000f0000000)
 Metaspace       used 71726K, capacity 73540K, committed 73768K, reserved 1114112K
  class space    used 7991K, capacity 8479K, committed 8496K, reserved 1048576K
}
Event: 53.235 GC heap before
{Heap before GC invocations=26 (full 3):
 PSYoungGen      total 222720K, used 220172K [0x00000000f0000000, 0x0000000100000000, 0x0000000100000000)
  eden space 195584K, 100% used [0x00000000f0000000,0x00000000fbf00000,0x00000000fbf00000)
  from space 27136K, 90% used [0x00000000fe580000,0x00000000ffd83230,0x0000000100000000)
  to   space 33280K, 0% used [0x00000000fbf00000,0x00000000fbf00000,0x00000000fdf80000)
 ParOldGen       total 524288K, used 91756K [0x00000000d0000000, 0x00000000f0000000, 0x00000000f0000000)
  object space 524288K, 17% used [0x00000000d0000000,0x00000000d599b240,0x00000000f0000000)
 Metaspace       used 72685K, capacity 74896K, committed 75048K, reserved 1116160K
  class space    used 8138K, capacity 8749K, committed 8752K, reserved 1048576K
Event: 53.263 GC heap after
Heap after GC invocations=26 (full 3):
 PSYoungGen      total 221696K, used 25685K [0x00000000f0000000, 0x0000000100000000, 0x0000000100000000)
  eden space 195584K, 0% used [0x00000000f0000000,0x00000000f0000000,0x00000000fbf00000)
  from space 26112K, 98% used [0x00000000fbf00000,0x00000000fd8154c0,0x00000000fd880000)
  to   space 35328K, 0% used [0x00000000fdd80000,0x00000000fdd80000,0x0000000100000000)
 ParOldGen       total 524288K, used 91764K [0x00000000d0000000, 0x00000000f0000000, 0x00000000f0000000)
  object space 524288K, 17% used [0x00000000d0000000,0x00000000d599d240,0x00000000f0000000)
 Metaspace       used 72685K, capacity 74896K, committed 75048K, reserved 1116160K
  class space    used 8138K, capacity 8749K, committed 8752K, reserved 1048576K
}
Event: 141.447 GC heap before
{Heap before GC invocations=27 (full 3):
 PSYoungGen      total 221696K, used 221269K [0x00000000f0000000, 0x0000000100000000, 0x0000000100000000)
  eden space 195584K, 100% used [0x00000000f0000000,0x00000000fbf00000,0x00000000fbf00000)
  from space 26112K, 98% used [0x00000000fbf00000,0x00000000fd8154c0,0x00000000fd880000)
  to   space 35328K, 0% used [0x00000000fdd80000,0x00000000fdd80000,0x0000000100000000)
 ParOldGen       total 524288K, used 91764K [0x00000000d0000000, 0x00000000f0000000, 0x00000000f0000000)
  object space 524288K, 17% used [0x00000000d0000000,0x00000000d599d240,0x00000000f0000000)
 Metaspace       used 74609K, capacity 77226K, committed 77352K, reserved 1118208K
  class space    used 8406K, capacity 9145K, committed 9264K, reserved 1048576K
Event: 141.491 GC heap after
Heap after GC invocations=27 (full 3):
 PSYoungGen      total 219648K, used 31467K [0x00000000f0000000, 0x0000000100000000, 0x0000000100000000)
  eden space 184320K, 0% used [0x00000000f0000000,0x00000000f0000000,0x00000000fb400000)
  from space 35328K, 89% used [0x00000000fdd80000,0x00000000ffc3af38,0x0000000100000000)
  to   space 38912K, 0% used [0x00000000fb400000,0x00000000fb400000,0x00000000fda00000)
 ParOldGen       total 524288K, used 91772K [0x00000000d0000000, 0x00000000f0000000, 0x00000000f0000000)
  object space 524288K, 17% used [0x00000000d0000000,0x00000000d599f240,0x00000000f0000000)
 Metaspace       used 74609K, capacity 77226K, committed 77352K, reserved 1118208K
  class space    used 8406K, capacity 9145K, committed 9264K, reserved 1048576K
}
Event: 142.333 GC heap before
{Heap before GC invocations=28 (full 3):
 PSYoungGen      total 219648K, used 215787K [0x00000000f0000000, 0x0000000100000000, 0x0000000100000000)
  eden space 184320K, 100% used [0x00000000f0000000,0x00000000fb400000,0x00000000fb400000)
  from space 35328K, 89% used [0x00000000fdd80000,0x00000000ffc3af38,0x0000000100000000)
  to   space 38912K, 0% used [0x00000000fb400000,0x00000000fb400000,0x00000000fda00000)
 ParOldGen       total 524288K, used 91772K [0x00000000d0000000, 0x00000000f0000000, 0x00000000f0000000)
  object space 524288K, 17% used [0x00000000d0000000,0x00000000d599f240,0x00000000f0000000)
 Metaspace       used 75219K, capacity 78274K, committed 78504K, reserved 1118208K
  class space    used 8490K, capacity 9285K, committed 9392K, reserved 1048576K
Event: 142.364 GC heap after
Heap after GC invocations=28 (full 3):
 PSYoungGen      total 217600K, used 33121K [0x00000000f0000000, 0x0000000100000000, 0x0000000100000000)
  eden space 184320K, 0% used [0x00000000f0000000,0x00000000f0000000,0x00000000fb400000)
  from space 33280K, 99% used [0x00000000fb400000,0x00000000fd458488,0x00000000fd480000)
  to   space 42496K, 0% used [0x00000000fd680000,0x00000000fd680000,0x0000000100000000)
 ParOldGen       total 524288K, used 91772K [0x00000000d0000000, 0x00000000f0000000, 0x00000000f0000000)
  object space 524288K, 17% used [0x00000000d0000000,0x00000000d599f240,0x00000000f0000000)
 Metaspace       used 75219K, capacity 78274K, committed 78504K, reserved 1118208K
  class space    used 8490K, capacity 9285K, committed 9392K, reserved 1048576K
}

